Command line:
   tb_SPI_control_new_isim_beh.exe
     -simmode  gui
     -simrunnum  0
     -socket  59400

Sun Jun 13 17:47:53 2021


 Elaboration Time: 0.015625 sec

 Current Memory Usage: 5145.17 Meg

 Total Signals          : 37
 Total Nets             : 109
 Total Signal Drivers   : 25
 Total Blocks           : 5
 Total Primitive Blocks : 4
 Total Processes        : 14
 Total Traceable Variables  : 12
 Total Scalar Nets and Variables : 489
Total Line Count : 151

 Total Simulation Time: 0.296875 sec

 Current Memory Usage: 4673.31 Meg

Sun Jun 13 22:03:12 2021

