Running: fuse.exe -relaunch -intstyle "ise" -incremental -o "C:/Users/Microsoft/Documents/ise projekter-filer/oscilloscope/tb_SPI_control_new_isim_beh.exe" -prj "C:/Users/Microsoft/Documents/ise projekter-filer/oscilloscope/tb_SPI_control_new_beh.prj" "work.tb_SPI_control_new" 
ISim P.40xd (signature 0x7708f090)
Number of CPUs detected in this system: 4
Turning on mult-threading, number of parallel sub-compilation jobs: 8 
Determining compilation order of HDL files
Parsing VHDL file "C:/Users/Microsoft/Documents/ise projekter-filer/oscilloscope/SigGenControl.vhd" into library work
Parsing VHDL file "C:/Users/Microsoft/Documents/ise projekter-filer/oscilloscope/tb_SPI_control_new.vhd" into library work
Starting static elaboration
Completed static elaboration
Compiling package standard
Compiling package std_logic_1164
Compiling package std_logic_arith
Compiling package std_logic_unsigned
Compiling architecture behavioral of entity SigGenControl [siggencontrol_default]
Compiling architecture behavior of entity tb_spi_control_new
Time Resolution for simulation is 1ps.
WARNING:Simulator - Unable to copy libPortabilityNOSH.dll to the simulation executable directory: boost::filesystem::copy_file: Den angivne sti blev ikke fundet, "isim\tb_SPI_control_new_isim_beh.exe.sim\libPortability.dll".
Compiled 7 VHDL Units
Built simulation executable C:/Users/Microsoft/Documents/ise projekter-filer/oscilloscope/tb_SPI_control_new_isim_beh.exe
Fuse Memory Usage: 34456 KB
Fuse CPU Usage: 514 ms
