Release 14.3 - ngc2edif P.40xd (nt64)
Copyright (c) 1995-2012 Xilinx, Inc.  All rights reserved.
Reading design SigGenTop.ngc ...
WARNING:NetListWriters:298 - No output is written to SigGenTop.xncf, ignored.
Processing design ...
   Preping design's networks ...
   Preping design's macros ...
WARNING:NetListWriters:306 - Signal bus Disp<13 : 0> on block SigGenTop is not
   reconstructed, because there are some missing bus signals.
WARNING:NetListWriters:306 - Signal bus U1/_mux0000<7 : 0> on block SigGenTop is
   not reconstructed, because there are some missing bus signals.
WARNING:NetListWriters:306 - Signal bus U2/Maccum_SigCnt_lut<9 : 0> on block
   SigGenTop is not reconstructed, because there are some missing bus signals.
  finished :Prep
Writing EDIF netlist file SigGenTop.edif ...
ngc2edif: Total memory usage is 4314352 kilobytes

Release 14.3 - ngc2edif P.40xd (nt64)
Copyright (c) 1995-2012 Xilinx, Inc.  All rights reserved.
Reading design SinusLUT.ngc ...
WARNING:NetListWriters:298 - No output is written to SinusLUT.xncf, ignored.
Processing design ...
   Preping design's networks ...
   Preping design's macros ...
  finished :Prep
Writing EDIF netlist file SinusLUT.edif ...
ngc2edif: Total memory usage is 4309680 kilobytes

