Release 14.3 - xst P.40xd (nt64)
Copyright (c) 1995-2012 Xilinx, Inc.  All rights reserved.
--> Parameter TMPDIR set to xst/projnav.tmp


Total REAL time to Xst completion: 0.00 secs
Total CPU time to Xst completion: 0.12 secs
 
--> Parameter xsthdpdir set to xst


Total REAL time to Xst completion: 0.00 secs
Total CPU time to Xst completion: 0.12 secs
 
--> Reading design: SigGenTop.prj

TABLE OF CONTENTS
  1) Synthesis Options Summary
  2) HDL Compilation
  3) Design Hierarchy Analysis
  4) HDL Analysis
  5) HDL Synthesis
     5.1) HDL Synthesis Report
  6) Advanced HDL Synthesis
     6.1) Advanced HDL Synthesis Report
  7) Low Level Synthesis
  8) Partition Report
  9) Final Report
	9.1) Device utilization summary
	9.2) Partition Resource Summary
	9.3) TIMING REPORT


=========================================================================
*                      Synthesis Options Summary                        *
=========================================================================
---- Source Parameters
Input File Name                    : "SigGenTop.prj"
Input Format                       : mixed
Ignore Synthesis Constraint File   : NO

---- Target Parameters
Output File Name                   : "SigGenTop"
Output Format                      : NGC
Target Device                      : xc3s100e-4-cp132

---- Source Options
Top Module Name                    : SigGenTop
Automatic FSM Extraction           : YES
FSM Encoding Algorithm             : Auto
Safe Implementation                : No
FSM Style                          : LUT
RAM Extraction                     : Yes
RAM Style                          : Auto
ROM Extraction                     : Yes
Mux Style                          : Auto
Decoder Extraction                 : YES
Priority Encoder Extraction        : Yes
Shift Register Extraction          : YES
Logical Shifter Extraction         : YES
XOR Collapsing                     : YES
ROM Style                          : Auto
Mux Extraction                     : Yes
Resource Sharing                   : YES
Asynchronous To Synchronous        : NO
Multiplier Style                   : Auto
Automatic Register Balancing       : No

---- Target Options
Add IO Buffers                     : YES
Global Maximum Fanout              : 100000
Add Generic Clock Buffer(BUFG)     : 24
Register Duplication               : YES
Slice Packing                      : YES
Optimize Instantiated Primitives   : NO
Use Clock Enable                   : Yes
Use Synchronous Set                : Yes
Use Synchronous Reset              : Yes
Pack IO Registers into IOBs        : Auto
Equivalent register Removal        : YES

---- General Options
Optimization Goal                  : Speed
Optimization Effort                : 1
Keep Hierarchy                     : No
Netlist Hierarchy                  : As_Optimized
RTL Output                         : Yes
Global Optimization                : AllClockNets
Read Cores                         : YES
Write Timing Constraints           : NO
Cross Clock Analysis               : NO
Hierarchy Separator                : /
Bus Delimiter                      : <>
Case Specifier                     : Maintain
Slice Utilization Ratio            : 100
BRAM Utilization Ratio             : 100
Verilog 2001                       : YES
Auto BRAM Packing                  : NO
Slice Utilization Ratio Delta      : 5

---- Other Options
Cores Search Directories           : {"ipcore_dir"  }

=========================================================================


=========================================================================
*                          HDL Compilation                              *
=========================================================================
Compiling vhdl file "C:/Users/Microsoft/Documents/ise projekter-filer/oscilloscope/ipcore_dir/SinusLUT.vhd" in Library work.
Architecture sinuslut_a of Entity sinuslut is up to date.
Compiling vhdl file "C:/Users/Microsoft/Documents/ise projekter-filer/oscilloscope/DivClk.vhd" in Library work.
Architecture divclk_arch of Entity divclk is up to date.
Compiling vhdl file "C:/Users/Microsoft/Documents/ise projekter-filer/oscilloscope/SigGenControl.vhd" in Library work.
Architecture behavioral of Entity siggencontrol is up to date.
Compiling vhdl file "C:/Users/Microsoft/Documents/ise projekter-filer/oscilloscope/SigGenDatapath.vhd" in Library work.
Architecture behavioral of Entity siggendatapath is up to date.
Compiling vhdl file "C:/Users/Microsoft/Documents/ise projekter-filer/oscilloscope/SevenSeg5.vhd" in Library work.
Architecture sevenseg_arch of Entity sevenseg5 is up to date.
Compiling vhdl file "C:/Users/Microsoft/Documents/ise projekter-filer/oscilloscope/SigGenTop.vhd" in Library work.
ERROR:HDLParsers:850 - "C:/Users/Microsoft/Documents/ise projekter-filer/oscilloscope/SigGenTop.vhd" Line 58. Formal port BTN0 does not exist in Entity 'SigGenControl'.
ERROR:HDLParsers:850 - "C:/Users/Microsoft/Documents/ise projekter-filer/oscilloscope/SigGenTop.vhd" Line 58. Formal port BTN1 does not exist in Entity 'SigGenControl'.
ERROR:HDLParsers:850 - "C:/Users/Microsoft/Documents/ise projekter-filer/oscilloscope/SigGenTop.vhd" Line 58. Formal port BTN2 does not exist in Entity 'SigGenControl'.
ERROR:HDLParsers:850 - "C:/Users/Microsoft/Documents/ise projekter-filer/oscilloscope/SigGenTop.vhd" Line 58. Formal port SW does not exist in Entity 'SigGenControl'.
--> 

Total memory usage is 4491380 kilobytes

Number of errors   :    4 (   0 filtered)
Number of warnings :    0 (   0 filtered)
Number of infos    :    0 (   0 filtered)

