INFO:sim:172 - Generating IP...
Resolving generics for 'TestLUT2'...
Applying external generics to 'TestLUT2'...
Delivering associated files for 'TestLUT2'...
Delivering EJava files for 'TestLUT2'...
Generating implementation netlist for 'TestLUT2'...
INFO:sim - Pre-processing HDL files for 'TestLUT2'...
Running synthesis for 'TestLUT2'
Running ngcbuild...
Writing VHO instantiation template for 'TestLUT2'...
Writing VHDL behavioral simulation model for 'TestLUT2'...
WARNING:sim - Overwriting existing file C:/Users/Microsoft/Documents/ise
   projekter-filer/oscilloscope/ipcore_dir/tmp/_cg/TestLUT2/doc/blk_mem_gen_v7_3
   _vinfo.html with file from view xilinx_documentation
Delivered 1 file into directory C:/Users/Microsoft/Documents/ise
projekter-filer/oscilloscope/ipcore_dir/tmp/_cg/TestLUT2
Generating ASY schematic symbol...
INFO:sim:949 - Finished generation of ASY schematic symbol.
Generating SYM schematic symbol for 'TestLUT2'...
Generating metadata file...
Generating ISE project file for 'TestLUT2'...
Generating ISE project...
XCO file found: TestLUT2.xco
XMDF file found: TestLUT2_xmdf.tcl
Adding C:/Users/Microsoft/Documents/ise
projekter-filer/oscilloscope/ipcore_dir/tmp/_cg/TestLUT2.asy -view all
-origin_type imported
Adding C:/Users/Microsoft/Documents/ise
projekter-filer/oscilloscope/ipcore_dir/tmp/_cg/TestLUT2.ngc -view all
-origin_type created
Checking file "C:/Users/Microsoft/Documents/ise
projekter-filer/oscilloscope/ipcore_dir/tmp/_cg/TestLUT2.ngc" for project device
match ...
File "C:/Users/Microsoft/Documents/ise
projekter-filer/oscilloscope/ipcore_dir/tmp/_cg/TestLUT2.ngc" device information
matches project device.
Adding C:/Users/Microsoft/Documents/ise
projekter-filer/oscilloscope/ipcore_dir/tmp/_cg/TestLUT2.sym -view all
-origin_type imported
Adding C:/Users/Microsoft/Documents/ise
projekter-filer/oscilloscope/ipcore_dir/tmp/_cg/TestLUT2.vhd -view all
-origin_type created
INFO:HDLCompiler:1061 - Parsing VHDL file "C:/Users/Microsoft/Documents/ise
   projekter-filer/oscilloscope/ipcore_dir/tmp/_cg/TestLUT2.vhd" into library
   work
INFO:ProjectMgmt - Parsing design hierarchy completed successfully.
Adding C:/Users/Microsoft/Documents/ise
projekter-filer/oscilloscope/ipcore_dir/tmp/_cg/TestLUT2.vho -view all
-origin_type imported
INFO:TclTasksC:2116 - The automatic calculation of top has been turned-off.
   Please set the new top explicitly by running the "project set top" command.
   To re-calculate the new top automatically, set the "Auto Implementation Top"
   property to true.
Top level has been set to "/TestLUT2"
Generating README file...
Generating FLIST file...
INFO:sim:948 - Finished FLIST file generation.
Launching README viewer...
Moving files to output directory...
Finished moving files to output directory
Wrote CGP file for project 'TestLUT2'.
