Command line:
   new_control_tb3_isim_beh.exe
     -simmode  gui
     -simrunnum  0
     -socket  55962

Thu Jun 10 10:53:23 2021


 Elaboration Time: 0.015625 sec

 Current Memory Usage: 5145.14 Meg

 Total Signals          : 29
 Total Nets             : 88
 Total Signal Drivers   : 20
 Total Blocks           : 5
 Total Primitive Blocks : 4
 Total Processes        : 10
 Total Traceable Variables  : 11
 Total Scalar Nets and Variables : 467
Total Line Count : 131

 Total Simulation Time: 0.09375 sec

 Current Memory Usage: 5145.14 Meg

Thu Jun 10 10:53:48 2021

