Command line:
   tb_datapath_new_isim_beh.exe
     -simmode  gui
     -simrunnum  0
     -socket  50375

Tue Jun 15 13:06:52 2021


 Elaboration Time: 0.0625 sec

 Current Memory Usage: 5174.44 Meg

 Total Signals          : 248
 Total Nets             : 33378
 Total Signal Drivers   : 81
 Total Blocks           : 19
 Total Primitive Blocks : 10
 Total Processes        : 55
 Total Traceable Variables  : 228
 Total Scalar Nets and Variables : 34730
Total Line Count : 381

 Total Simulation Time: 5.28125 sec

 Current Memory Usage: 4702.58 Meg

Tue Jun 15 14:28:08 2021

