Command line:
   new_control_tb2_isim_beh.exe
     -simmode  gui
     -simrunnum  0
     -socket  57936

Wed Jun 09 15:50:18 2021


 Elaboration Time: 0.015625 sec

 Current Memory Usage: 5145.21 Meg

 Total Signals          : 26
 Total Nets             : 78
 Total Signal Drivers   : 14
 Total Blocks           : 5
 Total Primitive Blocks : 4
 Total Processes        : 5
 Total Traceable Variables  : 11
 Total Scalar Nets and Variables : 457
Total Line Count : 113

 Total Simulation Time: 0.53125 sec

 Current Memory Usage: 4673.35 Meg

Wed Jun 09 16:15:20 2021

