Command line:
   top_tb2_isim_beh.exe
     -simmode  gui
     -simrunnum  0
     -socket  63699

Mon Jun 07 11:59:42 2021


 Elaboration Time: 0.03125 sec

 Current Memory Usage: 5174.37 Meg

 Total Signals          : 313
 Total Nets             : 33471
 Total Signal Drivers   : 111
 Total Blocks           : 24
 Total Primitive Blocks : 14
 Total Processes        : 75
 Total Traceable Variables  : 228
 Total Scalar Nets and Variables : 34823
Total Line Count : 491

 Total Simulation Time: 0.421875 sec

 Current Memory Usage: 4702.51 Meg

Mon Jun 07 12:21:46 2021

