Command line:
   control_tb2_isim_beh.exe
     -simmode  gui
     -simrunnum  0
     -socket  52286

Mon Jun 07 11:49:39 2021


 Elaboration Time: 0.046875 sec

 Current Memory Usage: 5145.24 Meg

 Total Signals          : 30
 Total Nets             : 61
 Total Signal Drivers   : 17
 Total Blocks           : 5
 Total Primitive Blocks : 4
 Total Processes        : 8
 Total Traceable Variables  : 11
 Total Scalar Nets and Variables : 440
Total Line Count : 78

 Total Simulation Time: 0.375 sec

 Current Memory Usage: 4673.38 Meg

Mon Jun 07 11:52:02 2021

